<?xml version="1.0" encoding="UTF-8"?>
<testsuite name="StringUtilsTest" tests="1" skipped="0" failures="0" errors="0" timestamp="2022-12-09T17:33:16" hostname="HOME-PC" time="0.091">
  <properties/>
  <testcase name="isPositiveNumber()" classname="StringUtilsTest" time="0.091"/>
  <system-out><![CDATA[]]></system-out>
  <system-err><![CDATA[]]></system-err>
</testsuite>
